app/build/outputs/logs/manifest-merger-debug-report.txt
-- Merging decision tree log ---
manifest
ADDED from src/main/AndroidManifest.xml:2:1-39:12
INJECTED from src/main/AndroidManifest.xml:2:1-39:12
INJECTED from src/main/AndroidManifest.xml:2:1-39:12
INJECTED from src/main/AndroidManifest.xml:2:1-39:12
MERGED from [com.android.support:cardview-v7:26.0.0-beta1] AndroidManifest.xml:17:1-28:12
MERGED from [com.android.support:design:26.0.0-beta1] AndroidManifest.xml:17:1-31:12
MERGED from [com.android.support:appcompat-v7:26.0.0-beta1] AndroidManifest.xml:17:1-31:12
MERGED from [com.android.support:transition:26.0.0-beta1] AndroidManifest.xml:17:1-28:12
MERGED from [com.android.support:support-v4:26.0.0-beta1] AndroidManifest.xml:17:1-31:12
MERGED from [com.android.support:recyclerview-v7:26.0.0-beta1] AndroidManifest.xml:17:1-28:12
MERGED from [com.nightonke:boommenu:2.1.1] AndroidManifest.xml:2:1-16:12
MERGED from [com.android.support.constraint:constraint-layout:1.0.2] AndroidManifest.xml:2:1-11:12
MERGED from [com.ms-square:expandableTextView:0.1.4] AndroidManifest.xml:2:1-11:12
MERGED from [com.android.support:animated-vector-drawable:26.0.0-beta1] AndroidManifest.xml:17:1-28:12
MERGED from [com.android.support:support-vector-drawable:26.0.0-beta1] AndroidManifest.xml:17:1-28:12
MERGED from [com.android.support:support-media-compat:26.0.0-beta1] AndroidManifest.xml:17:1-31:12
MERGED from [com.android.support:support-fragment:26.0.0-beta1] AndroidManifest.xml:17:1-31:12
MERGED from [com.android.support:support-core-utils:26.0.0-beta1] AndroidManifest.xml:17:1-31:12
MERGED from [com.android.support:support-core-ui:26.0.0-beta1] AndroidManifest.xml:17:1-31:12
MERGED from [com.android.support:support-compat:26.0.0-beta1] AndroidManifest.xml:17:1-31:12
INJECTED from src/main/AndroidManifest.xml:2:1-39:12
INJECTED from src/main/AndroidManifest.xml:2:1-39:12
INJECTED from src/main/AndroidManifest.xml:2:1-39:12
	package
		ADDED from src/main/AndroidManifest.xml:3:5-52
		INJECTED from src/main/AndroidManifest.xml
		INJECTED from src/main/AndroidManifest.xml
	android:versionName
		INJECTED from src/main/AndroidManifest.xml
		ADDED from src/main/AndroidManifest.xml:2:1-39:12
		INJECTED from src/main/AndroidManifest.xml
	android:versionCode
		INJECTED from src/main/AndroidManifest.xml
		ADDED from src/main/AndroidManifest.xml:2:1-39:12
		INJECTED from src/main/AndroidManifest.xml
	xmlns:android
		ADDED from src/main/AndroidManifest.xml:2:11-69
application
ADDED from src/main/AndroidManifest.xml:5:5-37:19
MERGED from [com.android.support:cardview-v7:26.0.0-beta1] AndroidManifest.xml:22:5-26:19
MERGED from [com.android.support:cardview-v7:26.0.0-beta1] AndroidManifest.xml:22:5-26:19
MERGED from [com.android.support:design:26.0.0-beta1] AndroidManifest.xml:25:5-29:19
MERGED from [com.android.support:design:26.0.0-beta1] AndroidManifest.xml:25:5-29:19
MERGED from [com.android.support:appcompat-v7:26.0.0-beta1] AndroidManifest.xml:25:5-29:19
MERGED from [com.android.support:appcompat-v7:26.0.0-beta1] AndroidManifest.xml:25:5-29:19
MERGED from [com.android.support:transition:26.0.0-beta1] AndroidManifest.xml:22:5-26:19
MERGED from [com.android.support:transition:26.0.0-beta1] AndroidManifest.xml:22:5-26:19
MERGED from [com.android.support:support-v4:26.0.0-beta1] AndroidManifest.xml:25:5-29:19
MERGED from [com.android.support:support-v4:26.0.0-beta1] AndroidManifest.xml:25:5-29:19
MERGED from [com.android.support:recyclerview-v7:26.0.0-beta1] AndroidManifest.xml:22:5-26:19
MERGED from [com.android.support:recyclerview-v7:26.0.0-beta1] AndroidManifest.xml:22:5-26:19
MERGED from [com.nightonke:boommenu:2.1.1] AndroidManifest.xml:11:5-14:19
MERGED from [com.nightonke:boommenu:2.1.1] AndroidManifest.xml:11:5-14:19
MERGED from [com.android.support.constraint:constraint-layout:1.0.2] AndroidManifest.xml:9:5-20
MERGED from [com.android.support.constraint:constraint-layout:1.0.2] AndroidManifest.xml:9:5-20
MERGED from [com.ms-square:expandableTextView:0.1.4] AndroidManifest.xml:9:5-20
MERGED from [com.ms-square:expandableTextView:0.1.4] AndroidManifest.xml:9:5-20
MERGED from [com.android.support:animated-vector-drawable:26.0.0-beta1] AndroidManifest.xml:22:5-26:19
MERGED from [com.android.support:animated-vector-drawable:26.0.0-beta1] AndroidManifest.xml:22:5-26:19
MERGED from [com.android.support:support-vector-drawable:26.0.0-beta1] AndroidManifest.xml:22:5-26:19
MERGED from [com.android.support:support-vector-drawable:26.0.0-beta1] AndroidManifest.xml:22:5-26:19
MERGED from [com.android.support:support-media-compat:26.0.0-beta1] AndroidManifest.xml:25:5-29:19
MERGED from [com.android.support:support-media-compat:26.0.0-beta1] AndroidManifest.xml:25:5-29:19
MERGED from [com.android.support:support-fragment:26.0.0-beta1] AndroidManifest.xml:25:5-29:19
MERGED from [com.android.support:support-fragment:26.0.0-beta1] AndroidManifest.xml:25:5-29:19
MERGED from [com.android.support:support-core-utils:26.0.0-beta1] AndroidManifest.xml:25:5-29:19
MERGED from [com.android.support:support-core-utils:26.0.0-beta1] AndroidManifest.xml:25:5-29:19
MERGED from [com.android.support:support-core-ui:26.0.0-beta1] AndroidManifest.xml:25:5-29:19
MERGED from [com.android.support:support-core-ui:26.0.0-beta1] AndroidManifest.xml:25:5-29:19
MERGED from [com.android.support:support-compat:26.0.0-beta1] AndroidManifest.xml:25:5-29:19
MERGED from [com.android.support:support-compat:26.0.0-beta1] AndroidManifest.xml:25:5-29:19
	android:supportsRtl
		ADDED from src/main/AndroidManifest.xml:10:9-35
	android:label
		ADDED from src/main/AndroidManifest.xml:8:9-41
	android:roundIcon
		ADDED from src/main/AndroidManifest.xml:9:9-59
	android:icon
		ADDED from src/main/AndroidManifest.xml:7:9-54
	android:allowBackup
		ADDED from src/main/AndroidManifest.xml:6:9-35
	android:theme
		ADDED from src/main/AndroidManifest.xml:11:9-40
activity#io.github.mosaic141688.swaziherritage.ItemListActivity
ADDED from src/main/AndroidManifest.xml:13:9-17:20
	android:label
		ADDED from src/main/AndroidManifest.xml:15:13-45
	android:theme
		ADDED from src/main/AndroidManifest.xml:16:13-56
	android:name
		ADDED from src/main/AndroidManifest.xml:14:13-45
activity#io.github.mosaic141688.swaziherritage.ItemDetailActivity
ADDED from src/main/AndroidManifest.xml:18:9-26:20
	android:parentActivityName
		ADDED from src/main/AndroidManifest.xml:21:13-59
	android:label
		ADDED from src/main/AndroidManifest.xml:20:13-54
	android:theme
		ADDED from src/main/AndroidManifest.xml:22:13-56
	android:name
		ADDED from src/main/AndroidManifest.xml:19:13-47
meta-data#android.support.PARENT_ACTIVITY
ADDED from src/main/AndroidManifest.xml:23:13-25:90
	android:value
		ADDED from src/main/AndroidManifest.xml:25:17-87
	android:name
		ADDED from src/main/AndroidManifest.xml:24:17-63
activity#io.github.mosaic141688.swaziherritage.MainActivity
ADDED from src/main/AndroidManifest.xml:27:9-36:20
	android:label
		ADDED from src/main/AndroidManifest.xml:29:13-56
	android:theme
		ADDED from src/main/AndroidManifest.xml:30:13-56
	android:name
		ADDED from src/main/AndroidManifest.xml:28:13-41
intent-filter#android.intent.action.MAIN+android.intent.category.LAUNCHER
ADDED from src/main/AndroidManifest.xml:31:13-35:29
action#android.intent.action.MAIN
ADDED from src/main/AndroidManifest.xml:32:17-69
	android:name
		ADDED from src/main/AndroidManifest.xml:32:25-66
category#android.intent.category.LAUNCHER
ADDED from src/main/AndroidManifest.xml:34:17-77
	android:name
		ADDED from src/main/AndroidManifest.xml:34:27-74
uses-sdk
INJECTED from src/main/AndroidManifest.xml reason: use-sdk injection requested
INJECTED from src/main/AndroidManifest.xml
INJECTED from src/main/AndroidManifest.xml
MERGED from [com.android.support:cardview-v7:26.0.0-beta1] AndroidManifest.xml:20:5-44
MERGED from [com.android.support:cardview-v7:26.0.0-beta1] AndroidManifest.xml:20:5-44
MERGED from [com.android.support:design:26.0.0-beta1] AndroidManifest.xml:21:5-23:62
MERGED from [com.android.support:design:26.0.0-beta1] AndroidManifest.xml:21:5-23:62
MERGED from [com.android.support:appcompat-v7:26.0.0-beta1] AndroidManifest.xml:21:5-23:78
MERGED from [com.android.support:appcompat-v7:26.0.0-beta1] AndroidManifest.xml:21:5-23:78
MERGED from [com.android.support:transition:26.0.0-beta1] AndroidManifest.xml:20:5-44
MERGED from [com.android.support:transition:26.0.0-beta1] AndroidManifest.xml:20:5-44
MERGED from [com.android.support:support-v4:26.0.0-beta1] AndroidManifest.xml:21:5-23:54
MERGED from [com.android.support:support-v4:26.0.0-beta1] AndroidManifest.xml:21:5-23:54
MERGED from [com.android.support:recyclerview-v7:26.0.0-beta1] AndroidManifest.xml:20:5-44
MERGED from [com.android.support:recyclerview-v7:26.0.0-beta1] AndroidManifest.xml:20:5-44
MERGED from [com.nightonke:boommenu:2.1.1] AndroidManifest.xml:7:5-9:41
MERGED from [com.nightonke:boommenu:2.1.1] AndroidManifest.xml:7:5-9:41
MERGED from [com.android.support.constraint:constraint-layout:1.0.2] AndroidManifest.xml:5:5-7:41
MERGED from [com.android.support.constraint:constraint-layout:1.0.2] AndroidManifest.xml:5:5-7:41
MERGED from [com.ms-square:expandableTextView:0.1.4] AndroidManifest.xml:5:5-7:41
MERGED from [com.ms-square:expandableTextView:0.1.4] AndroidManifest.xml:5:5-7:41
MERGED from [com.android.support:animated-vector-drawable:26.0.0-beta1] AndroidManifest.xml:20:5-44
MERGED from [com.android.support:animated-vector-drawable:26.0.0-beta1] AndroidManifest.xml:20:5-44
MERGED from [com.android.support:support-vector-drawable:26.0.0-beta1] AndroidManifest.xml:20:5-44
MERGED from [com.android.support:support-vector-drawable:26.0.0-beta1] AndroidManifest.xml:20:5-44
MERGED from [com.android.support:support-media-compat:26.0.0-beta1] AndroidManifest.xml:21:5-23:63
MERGED from [com.android.support:support-media-compat:26.0.0-beta1] AndroidManifest.xml:21:5-23:63
MERGED from [com.android.support:support-fragment:26.0.0-beta1] AndroidManifest.xml:21:5-23:60
MERGED from [com.android.support:support-fragment:26.0.0-beta1] AndroidManifest.xml:21:5-23:60
MERGED from [com.android.support:support-core-utils:26.0.0-beta1] AndroidManifest.xml:21:5-23:61
MERGED from [com.android.support:support-core-utils:26.0.0-beta1] AndroidManifest.xml:21:5-23:61
MERGED from [com.android.support:support-core-ui:26.0.0-beta1] AndroidManifest.xml:21:5-23:58
MERGED from [com.android.support:support-core-ui:26.0.0-beta1] AndroidManifest.xml:21:5-23:58
MERGED from [com.android.support:support-compat:26.0.0-beta1] AndroidManifest.xml:21:5-23:58
MERGED from [com.android.support:support-compat:26.0.0-beta1] AndroidManifest.xml:21:5-23:58
INJECTED from src/main/AndroidManifest.xml
INJECTED from src/main/AndroidManifest.xml
	tools:overrideLibrary
		ADDED from [com.android.support:design:26.0.0-beta1] AndroidManifest.xml:23:9-59
	android:targetSdkVersion
		INJECTED from src/main/AndroidManifest.xml
		ADDED from src/main/AndroidManifest.xml
		INJECTED from src/main/AndroidManifest.xml
	android:minSdkVersion
		INJECTED from src/main/AndroidManifest.xml
		ADDED from src/main/AndroidManifest.xml
		INJECTED from src/main/AndroidManifest.xml
meta-data#android.support.VERSION
ADDED from [com.android.support:cardview-v7:26.0.0-beta1] AndroidManifest.xml:23:9-25:44
MERGED from [com.android.support:design:26.0.0-beta1] AndroidManifest.xml:26:9-28:44
MERGED from [com.android.support:design:26.0.0-beta1] AndroidManifest.xml:26:9-28:44
MERGED from [com.android.support:appcompat-v7:26.0.0-beta1] AndroidManifest.xml:26:9-28:44
MERGED from [com.android.support:appcompat-v7:26.0.0-beta1] AndroidManifest.xml:26:9-28:44
MERGED from [com.android.support:transition:26.0.0-beta1] AndroidManifest.xml:23:9-25:44
MERGED from [com.android.support:transition:26.0.0-beta1] AndroidManifest.xml:23:9-25:44
MERGED from [com.android.support:support-v4:26.0.0-beta1] AndroidManifest.xml:26:9-28:44
MERGED from [com.android.support:support-v4:26.0.0-beta1] AndroidManifest.xml:26:9-28:44
MERGED from [com.android.support:recyclerview-v7:26.0.0-beta1] AndroidManifest.xml:23:9-25:44
MERGED from [com.android.support:recyclerview-v7:26.0.0-beta1] AndroidManifest.xml:23:9-25:44
MERGED from [com.android.support:animated-vector-drawable:26.0.0-beta1] AndroidManifest.xml:23:9-25:44
MERGED from [com.android.support:animated-vector-drawable:26.0.0-beta1] AndroidManifest.xml:23:9-25:44
MERGED from [com.android.support:support-vector-drawable:26.0.0-beta1] AndroidManifest.xml:23:9-25:44
MERGED from [com.android.support:support-vector-drawable:26.0.0-beta1] AndroidManifest.xml:23:9-25:44
MERGED from [com.android.support:support-media-compat:26.0.0-beta1] AndroidManifest.xml:26:9-28:44
MERGED from [com.android.support:support-media-compat:26.0.0-beta1] AndroidManifest.xml:26:9-28:44
MERGED from [com.android.support:support-fragment:26.0.0-beta1] AndroidManifest.xml:26:9-28:44
MERGED from [com.android.support:support-fragment:26.0.0-beta1] AndroidManifest.xml:26:9-28:44
MERGED from [com.android.support:support-core-utils:26.0.0-beta1] AndroidManifest.xml:26:9-28:44
MERGED from [com.android.support:support-core-utils:26.0.0-beta1] AndroidManifest.xml:26:9-28:44
MERGED from [com.android.support:support-core-ui:26.0.0-beta1] AndroidManifest.xml:26:9-28:44
MERGED from [com.android.support:support-core-ui:26.0.0-beta1] AndroidManifest.xml:26:9-28:44
MERGED from [com.android.support:support-compat:26.0.0-beta1] AndroidManifest.xml:26:9-28:44
MERGED from [com.android.support:support-compat:26.0.0-beta1] AndroidManifest.xml:26:9-28:44
	android:value
		ADDED from [com.android.support:cardview-v7:26.0.0-beta1] AndroidManifest.xml:25:13-41
	android:name
		ADDED from [com.android.support:cardview-v7:26.0.0-beta1] AndroidManifest.xml:24:13-51